[debug] [2019-09-07T21:21:01.292Z] ----------------------------------------------------------------------
[debug] [2019-09-07T21:21:01.298Z] Command:       C:\Program Files\nodejs\node.exe C:\Program Files\nodejs\node_modules\firebase-tools\lib\bin\firebase.js init
[debug] [2019-09-07T21:21:01.298Z] CLI Version:   7.3.1
[debug] [2019-09-07T21:21:01.298Z] Platform:      win32
[debug] [2019-09-07T21:21:01.298Z] Node Version:  v10.10.0
[debug] [2019-09-07T21:21:01.301Z] Time:          Sat Sep 07 2019 17:21:01 GMT-0400 (Eastern Daylight Time)
[debug] [2019-09-07T21:21:01.301Z] ----------------------------------------------------------------------
[debug] 
[debug] [2019-09-07T21:21:01.314Z] > command requires scopes: ["email","openid","https://www.googleapis.com/auth/cloudplatformprojects.readonly","https://www.googleapis.com/auth/firebase","https://www.googleapis.com/auth/cloud-platform"]
[debug] [2019-09-07T21:21:01.315Z] > authorizing via signed-in user
[info] 
     ######## #### ########  ######## ########     ###     ######  ########
     ##        ##  ##     ## ##       ##     ##  ##   ##  ##       ##
     ######    ##  ########  ######   ########  #########  ######  ######
     ##        ##  ##    ##  ##       ##     ## ##     ##       ## ##
     ##       #### ##     ## ######## ########  ##     ##  ######  ########

You're about to initialize a Firebase project in this directory:

  C:\GitHub\2019-08\scotiabank

Before we get started, keep in mind:

  * You are currently outside your home directory

